C:\USERS\SASCHA\DOCUMENTS\VISUAL STUDIO 2012\PROJECTS\GAMECONSOLE\GAMECONSOLE\DEBUG\GAMECONSOLE.OBJ
C:\USERS\SASCHA\DOCUMENTS\VISUAL STUDIO 2012\PROJECTS\GAMECONSOLE\GAMECONSOLE\DEBUG\SOURCE.OBJ
C:\USERS\SASCHA\DOCUMENTS\VISUAL STUDIO 2012\PROJECTS\GAMECONSOLE\GAMECONSOLE\DEBUG\VC110.PDB
C:\Users\Sascha\documents\visual studio 2012\Projects\gameConsole\gameConsole\Debug\gameConsole.obj
C:\Users\Sascha\documents\visual studio 2012\Projects\gameConsole\gameConsole\Debug\Source.obj
C:\Users\Sascha\documents\visual studio 2012\Projects\gameConsole\gameConsole\Debug\cl.command.1.tlog
C:\Users\Sascha\documents\visual studio 2012\Projects\gameConsole\gameConsole\Debug\CL.read.1.tlog
C:\Users\Sascha\documents\visual studio 2012\Projects\gameConsole\gameConsole\Debug\CL.write.1.tlog
C:\Users\Sascha\documents\visual studio 2012\Projects\gameConsole\gameConsole\Debug\link-cvtres.read.1.tlog
C:\Users\Sascha\documents\visual studio 2012\Projects\gameConsole\gameConsole\Debug\link-cvtres.write.1.tlog
C:\Users\Sascha\documents\visual studio 2012\Projects\gameConsole\gameConsole\Debug\link-rc.read.1.tlog
C:\Users\Sascha\documents\visual studio 2012\Projects\gameConsole\gameConsole\Debug\link-rc.write.1.tlog
C:\Users\Sascha\documents\visual studio 2012\Projects\gameConsole\gameConsole\Debug\link.1192-cvtres.read.1.tlog
C:\Users\Sascha\documents\visual studio 2012\Projects\gameConsole\gameConsole\Debug\link.1192-cvtres.write.1.tlog
C:\Users\Sascha\documents\visual studio 2012\Projects\gameConsole\gameConsole\Debug\link.1192-rc.read.1.tlog
C:\Users\Sascha\documents\visual studio 2012\Projects\gameConsole\gameConsole\Debug\link.1192-rc.write.1.tlog
C:\Users\Sascha\documents\visual studio 2012\Projects\gameConsole\gameConsole\Debug\link.1192.read.1.tlog
C:\Users\Sascha\documents\visual studio 2012\Projects\gameConsole\gameConsole\Debug\link.1192.write.1.tlog
C:\Users\Sascha\documents\visual studio 2012\Projects\gameConsole\gameConsole\Debug\link.1696-cvtres.read.1.tlog
C:\Users\Sascha\documents\visual studio 2012\Projects\gameConsole\gameConsole\Debug\link.1696-cvtres.write.1.tlog
C:\Users\Sascha\documents\visual studio 2012\Projects\gameConsole\gameConsole\Debug\link.1696-rc.read.1.tlog
C:\Users\Sascha\documents\visual studio 2012\Projects\gameConsole\gameConsole\Debug\link.1696-rc.write.1.tlog
C:\Users\Sascha\documents\visual studio 2012\Projects\gameConsole\gameConsole\Debug\link.1696.read.1.tlog
C:\Users\Sascha\documents\visual studio 2012\Projects\gameConsole\gameConsole\Debug\link.1696.write.1.tlog
C:\Users\Sascha\documents\visual studio 2012\Projects\gameConsole\gameConsole\Debug\link.1924-cvtres.read.1.tlog
C:\Users\Sascha\documents\visual studio 2012\Projects\gameConsole\gameConsole\Debug\link.1924-cvtres.write.1.tlog
C:\Users\Sascha\documents\visual studio 2012\Projects\gameConsole\gameConsole\Debug\link.1924-rc.read.1.tlog
C:\Users\Sascha\documents\visual studio 2012\Projects\gameConsole\gameConsole\Debug\link.1924-rc.write.1.tlog
C:\Users\Sascha\documents\visual studio 2012\Projects\gameConsole\gameConsole\Debug\link.1924.read.1.tlog
C:\Users\Sascha\documents\visual studio 2012\Projects\gameConsole\gameConsole\Debug\link.1924.write.1.tlog
C:\Users\Sascha\documents\visual studio 2012\Projects\gameConsole\gameConsole\Debug\link.4276-cvtres.read.1.tlog
C:\Users\Sascha\documents\visual studio 2012\Projects\gameConsole\gameConsole\Debug\link.4276-cvtres.write.1.tlog
C:\Users\Sascha\documents\visual studio 2012\Projects\gameConsole\gameConsole\Debug\link.4276-rc.read.1.tlog
C:\Users\Sascha\documents\visual studio 2012\Projects\gameConsole\gameConsole\Debug\link.4276-rc.write.1.tlog
C:\Users\Sascha\documents\visual studio 2012\Projects\gameConsole\gameConsole\Debug\link.4276.read.1.tlog
C:\Users\Sascha\documents\visual studio 2012\Projects\gameConsole\gameConsole\Debug\link.4276.write.1.tlog
C:\Users\Sascha\documents\visual studio 2012\Projects\gameConsole\gameConsole\Debug\link.4284-cvtres.read.1.tlog
C:\Users\Sascha\documents\visual studio 2012\Projects\gameConsole\gameConsole\Debug\link.4284-cvtres.write.1.tlog
C:\Users\Sascha\documents\visual studio 2012\Projects\gameConsole\gameConsole\Debug\link.4284-rc.read.1.tlog
C:\Users\Sascha\documents\visual studio 2012\Projects\gameConsole\gameConsole\Debug\link.4284-rc.write.1.tlog
C:\Users\Sascha\documents\visual studio 2012\Projects\gameConsole\gameConsole\Debug\link.4284.read.1.tlog
C:\Users\Sascha\documents\visual studio 2012\Projects\gameConsole\gameConsole\Debug\link.4284.write.1.tlog
C:\Users\Sascha\documents\visual studio 2012\Projects\gameConsole\gameConsole\Debug\link.4568-cvtres.read.1.tlog
C:\Users\Sascha\documents\visual studio 2012\Projects\gameConsole\gameConsole\Debug\link.4568-cvtres.write.1.tlog
C:\Users\Sascha\documents\visual studio 2012\Projects\gameConsole\gameConsole\Debug\link.4568-rc.read.1.tlog
C:\Users\Sascha\documents\visual studio 2012\Projects\gameConsole\gameConsole\Debug\link.4568-rc.write.1.tlog
C:\Users\Sascha\documents\visual studio 2012\Projects\gameConsole\gameConsole\Debug\link.4568.read.1.tlog
C:\Users\Sascha\documents\visual studio 2012\Projects\gameConsole\gameConsole\Debug\link.4568.write.1.tlog
C:\Users\Sascha\documents\visual studio 2012\Projects\gameConsole\gameConsole\Debug\link.4588-cvtres.read.1.tlog
C:\Users\Sascha\documents\visual studio 2012\Projects\gameConsole\gameConsole\Debug\link.4588-cvtres.write.1.tlog
C:\Users\Sascha\documents\visual studio 2012\Projects\gameConsole\gameConsole\Debug\link.4588-rc.read.1.tlog
C:\Users\Sascha\documents\visual studio 2012\Projects\gameConsole\gameConsole\Debug\link.4588-rc.write.1.tlog
C:\Users\Sascha\documents\visual studio 2012\Projects\gameConsole\gameConsole\Debug\link.4588.read.1.tlog
C:\Users\Sascha\documents\visual studio 2012\Projects\gameConsole\gameConsole\Debug\link.4588.write.1.tlog
C:\Users\Sascha\documents\visual studio 2012\Projects\gameConsole\gameConsole\Debug\link.7488-cvtres.read.1.tlog
C:\Users\Sascha\documents\visual studio 2012\Projects\gameConsole\gameConsole\Debug\link.7488-cvtres.write.1.tlog
C:\Users\Sascha\documents\visual studio 2012\Projects\gameConsole\gameConsole\Debug\link.7488-rc.read.1.tlog
C:\Users\Sascha\documents\visual studio 2012\Projects\gameConsole\gameConsole\Debug\link.7488-rc.write.1.tlog
C:\Users\Sascha\documents\visual studio 2012\Projects\gameConsole\gameConsole\Debug\link.7488.read.1.tlog
C:\Users\Sascha\documents\visual studio 2012\Projects\gameConsole\gameConsole\Debug\link.7488.write.1.tlog
C:\Users\Sascha\documents\visual studio 2012\Projects\gameConsole\gameConsole\Debug\link.8104-cvtres.read.1.tlog
C:\Users\Sascha\documents\visual studio 2012\Projects\gameConsole\gameConsole\Debug\link.8104-cvtres.write.1.tlog
C:\Users\Sascha\documents\visual studio 2012\Projects\gameConsole\gameConsole\Debug\link.8104-rc.read.1.tlog
C:\Users\Sascha\documents\visual studio 2012\Projects\gameConsole\gameConsole\Debug\link.8104-rc.write.1.tlog
C:\Users\Sascha\documents\visual studio 2012\Projects\gameConsole\gameConsole\Debug\link.8104.read.1.tlog
C:\Users\Sascha\documents\visual studio 2012\Projects\gameConsole\gameConsole\Debug\link.8104.write.1.tlog
C:\Users\Sascha\documents\visual studio 2012\Projects\gameConsole\gameConsole\Debug\link.command.1.tlog
C:\Users\Sascha\documents\visual studio 2012\Projects\gameConsole\gameConsole\Debug\link.read.1.tlog
C:\Users\Sascha\documents\visual studio 2012\Projects\gameConsole\gameConsole\Debug\link.write.1.tlog
C:\Users\Sascha\documents\visual studio 2012\Projects\gameConsole\gameConsole\Debug\vc110.idb
C:\Users\Sascha\documents\visual studio 2012\Projects\gameConsole\gameConsole\Debug\vc110.pdb
C:\Users\Sascha\documents\visual studio 2012\Projects\gameConsole\Debug\gameConsole.pdb
