C:\USERS\JAN\DOCUMENTS\VISUAL STUDIO 2012\PROJECTS\GAMECONSOLE\GAMECONSOLE\DEBUG\SOURCE.OBJ
C:\USERS\JAN\DOCUMENTS\VISUAL STUDIO 2012\PROJECTS\GAMECONSOLE\GAMECONSOLE\DEBUG\VC110.PDB
C:\USERS\SASCHA\DOCUMENTS\VISUAL STUDIO 2012\PROJECTS\JAN\GAMECONSOLE\DEBUG\VC110.PDB
C:\USERS\JAN\DOCUMENTS\VISUAL STUDIO 2012\PROJECTS\GAMECONSOLE\DEBUG\GAME.ILK
C:\USERS\JAN\DOCUMENTS\VISUAL STUDIO 2012\PROJECTS\GAMECONSOLE\DEBUG\GAME.EXE
C:\USERS\JAN\DOCUMENTS\VISUAL STUDIO 2012\PROJECTS\GAMECONSOLE\DEBUG\GAME.PDB
C:\Users\Sascha\Documents\Visual Studio 2012\Projects\jan\gameConsole\Debug\cl.command.1.tlog
C:\Users\Sascha\Documents\Visual Studio 2012\Projects\jan\gameConsole\Debug\CL.read.1.tlog
C:\Users\Sascha\Documents\Visual Studio 2012\Projects\jan\gameConsole\Debug\CL.write.1.tlog
C:\Users\Sascha\Documents\Visual Studio 2012\Projects\jan\gameConsole\Debug\link-cvtres.read.1.tlog
C:\Users\Sascha\Documents\Visual Studio 2012\Projects\jan\gameConsole\Debug\link-cvtres.write.1.tlog
C:\Users\Sascha\Documents\Visual Studio 2012\Projects\jan\gameConsole\Debug\link-rc.read.1.tlog
C:\Users\Sascha\Documents\Visual Studio 2012\Projects\jan\gameConsole\Debug\link-rc.write.1.tlog
C:\Users\Sascha\Documents\Visual Studio 2012\Projects\jan\gameConsole\Debug\link.1032-cvtres.read.1.tlog
C:\Users\Sascha\Documents\Visual Studio 2012\Projects\jan\gameConsole\Debug\link.1032-cvtres.write.1.tlog
C:\Users\Sascha\Documents\Visual Studio 2012\Projects\jan\gameConsole\Debug\link.1032-rc.read.1.tlog
C:\Users\Sascha\Documents\Visual Studio 2012\Projects\jan\gameConsole\Debug\link.1032-rc.write.1.tlog
C:\Users\Sascha\Documents\Visual Studio 2012\Projects\jan\gameConsole\Debug\link.1032.read.1.tlog
C:\Users\Sascha\Documents\Visual Studio 2012\Projects\jan\gameConsole\Debug\link.1032.write.1.tlog
C:\Users\Sascha\Documents\Visual Studio 2012\Projects\jan\gameConsole\Debug\link.1140-cvtres.read.1.tlog
C:\Users\Sascha\Documents\Visual Studio 2012\Projects\jan\gameConsole\Debug\link.1140-cvtres.write.1.tlog
C:\Users\Sascha\Documents\Visual Studio 2012\Projects\jan\gameConsole\Debug\link.1140-rc.read.1.tlog
C:\Users\Sascha\Documents\Visual Studio 2012\Projects\jan\gameConsole\Debug\link.1140-rc.write.1.tlog
C:\Users\Sascha\Documents\Visual Studio 2012\Projects\jan\gameConsole\Debug\link.1140.read.1.tlog
C:\Users\Sascha\Documents\Visual Studio 2012\Projects\jan\gameConsole\Debug\link.1140.write.1.tlog
C:\Users\Sascha\Documents\Visual Studio 2012\Projects\jan\gameConsole\Debug\link.1320-cvtres.read.1.tlog
C:\Users\Sascha\Documents\Visual Studio 2012\Projects\jan\gameConsole\Debug\link.1320-cvtres.write.1.tlog
C:\Users\Sascha\Documents\Visual Studio 2012\Projects\jan\gameConsole\Debug\link.1320-rc.read.1.tlog
C:\Users\Sascha\Documents\Visual Studio 2012\Projects\jan\gameConsole\Debug\link.1320-rc.write.1.tlog
C:\Users\Sascha\Documents\Visual Studio 2012\Projects\jan\gameConsole\Debug\link.1320.read.1.tlog
C:\Users\Sascha\Documents\Visual Studio 2012\Projects\jan\gameConsole\Debug\link.1320.write.1.tlog
C:\Users\Sascha\Documents\Visual Studio 2012\Projects\jan\gameConsole\Debug\link.1472-cvtres.read.1.tlog
C:\Users\Sascha\Documents\Visual Studio 2012\Projects\jan\gameConsole\Debug\link.1472-cvtres.write.1.tlog
C:\Users\Sascha\Documents\Visual Studio 2012\Projects\jan\gameConsole\Debug\link.1472-rc.read.1.tlog
C:\Users\Sascha\Documents\Visual Studio 2012\Projects\jan\gameConsole\Debug\link.1472-rc.write.1.tlog
C:\Users\Sascha\Documents\Visual Studio 2012\Projects\jan\gameConsole\Debug\link.1472.read.1.tlog
C:\Users\Sascha\Documents\Visual Studio 2012\Projects\jan\gameConsole\Debug\link.1472.write.1.tlog
C:\Users\Sascha\Documents\Visual Studio 2012\Projects\jan\gameConsole\Debug\link.1612-cvtres.read.1.tlog
C:\Users\Sascha\Documents\Visual Studio 2012\Projects\jan\gameConsole\Debug\link.1612-cvtres.write.1.tlog
C:\Users\Sascha\Documents\Visual Studio 2012\Projects\jan\gameConsole\Debug\link.1612-rc.read.1.tlog
C:\Users\Sascha\Documents\Visual Studio 2012\Projects\jan\gameConsole\Debug\link.1612-rc.write.1.tlog
C:\Users\Sascha\Documents\Visual Studio 2012\Projects\jan\gameConsole\Debug\link.1612.read.1.tlog
C:\Users\Sascha\Documents\Visual Studio 2012\Projects\jan\gameConsole\Debug\link.1612.write.1.tlog
C:\Users\Sascha\Documents\Visual Studio 2012\Projects\jan\gameConsole\Debug\link.1652-cvtres.read.1.tlog
C:\Users\Sascha\Documents\Visual Studio 2012\Projects\jan\gameConsole\Debug\link.1652-cvtres.write.1.tlog
C:\Users\Sascha\Documents\Visual Studio 2012\Projects\jan\gameConsole\Debug\link.1652-rc.read.1.tlog
C:\Users\Sascha\Documents\Visual Studio 2012\Projects\jan\gameConsole\Debug\link.1652-rc.write.1.tlog
C:\Users\Sascha\Documents\Visual Studio 2012\Projects\jan\gameConsole\Debug\link.1652.read.1.tlog
C:\Users\Sascha\Documents\Visual Studio 2012\Projects\jan\gameConsole\Debug\link.1652.write.1.tlog
C:\Users\Sascha\Documents\Visual Studio 2012\Projects\jan\gameConsole\Debug\link.1804-cvtres.read.1.tlog
C:\Users\Sascha\Documents\Visual Studio 2012\Projects\jan\gameConsole\Debug\link.1804-cvtres.write.1.tlog
C:\Users\Sascha\Documents\Visual Studio 2012\Projects\jan\gameConsole\Debug\link.1804-rc.read.1.tlog
C:\Users\Sascha\Documents\Visual Studio 2012\Projects\jan\gameConsole\Debug\link.1804-rc.write.1.tlog
C:\Users\Sascha\Documents\Visual Studio 2012\Projects\jan\gameConsole\Debug\link.1804.read.1.tlog
C:\Users\Sascha\Documents\Visual Studio 2012\Projects\jan\gameConsole\Debug\link.1804.write.1.tlog
C:\Users\Sascha\Documents\Visual Studio 2012\Projects\jan\gameConsole\Debug\link.1860-cvtres.read.1.tlog
C:\Users\Sascha\Documents\Visual Studio 2012\Projects\jan\gameConsole\Debug\link.1860-cvtres.write.1.tlog
C:\Users\Sascha\Documents\Visual Studio 2012\Projects\jan\gameConsole\Debug\link.1860-rc.read.1.tlog
C:\Users\Sascha\Documents\Visual Studio 2012\Projects\jan\gameConsole\Debug\link.1860-rc.write.1.tlog
C:\Users\Sascha\Documents\Visual Studio 2012\Projects\jan\gameConsole\Debug\link.1860.read.1.tlog
C:\Users\Sascha\Documents\Visual Studio 2012\Projects\jan\gameConsole\Debug\link.1860.write.1.tlog
C:\Users\Sascha\Documents\Visual Studio 2012\Projects\jan\gameConsole\Debug\link.2028-cvtres.read.1.tlog
C:\Users\Sascha\Documents\Visual Studio 2012\Projects\jan\gameConsole\Debug\link.2028-cvtres.write.1.tlog
C:\Users\Sascha\Documents\Visual Studio 2012\Projects\jan\gameConsole\Debug\link.2028-rc.read.1.tlog
C:\Users\Sascha\Documents\Visual Studio 2012\Projects\jan\gameConsole\Debug\link.2028-rc.write.1.tlog
C:\Users\Sascha\Documents\Visual Studio 2012\Projects\jan\gameConsole\Debug\link.2028.read.1.tlog
C:\Users\Sascha\Documents\Visual Studio 2012\Projects\jan\gameConsole\Debug\link.2028.write.1.tlog
C:\Users\Sascha\Documents\Visual Studio 2012\Projects\jan\gameConsole\Debug\link.2040-cvtres.read.1.tlog
C:\Users\Sascha\Documents\Visual Studio 2012\Projects\jan\gameConsole\Debug\link.2040-cvtres.write.1.tlog
C:\Users\Sascha\Documents\Visual Studio 2012\Projects\jan\gameConsole\Debug\link.2040-rc.read.1.tlog
C:\Users\Sascha\Documents\Visual Studio 2012\Projects\jan\gameConsole\Debug\link.2040-rc.write.1.tlog
C:\Users\Sascha\Documents\Visual Studio 2012\Projects\jan\gameConsole\Debug\link.2040.read.1.tlog
C:\Users\Sascha\Documents\Visual Studio 2012\Projects\jan\gameConsole\Debug\link.2040.write.1.tlog
C:\Users\Sascha\Documents\Visual Studio 2012\Projects\jan\gameConsole\Debug\link.2192-cvtres.read.1.tlog
C:\Users\Sascha\Documents\Visual Studio 2012\Projects\jan\gameConsole\Debug\link.2192-cvtres.write.1.tlog
C:\Users\Sascha\Documents\Visual Studio 2012\Projects\jan\gameConsole\Debug\link.2192-rc.read.1.tlog
C:\Users\Sascha\Documents\Visual Studio 2012\Projects\jan\gameConsole\Debug\link.2192-rc.write.1.tlog
C:\Users\Sascha\Documents\Visual Studio 2012\Projects\jan\gameConsole\Debug\link.2192.read.1.tlog
C:\Users\Sascha\Documents\Visual Studio 2012\Projects\jan\gameConsole\Debug\link.2192.write.1.tlog
C:\Users\Sascha\Documents\Visual Studio 2012\Projects\jan\gameConsole\Debug\link.2520-cvtres.read.1.tlog
C:\Users\Sascha\Documents\Visual Studio 2012\Projects\jan\gameConsole\Debug\link.2520-cvtres.write.1.tlog
C:\Users\Sascha\Documents\Visual Studio 2012\Projects\jan\gameConsole\Debug\link.2520-rc.read.1.tlog
C:\Users\Sascha\Documents\Visual Studio 2012\Projects\jan\gameConsole\Debug\link.2520-rc.write.1.tlog
C:\Users\Sascha\Documents\Visual Studio 2012\Projects\jan\gameConsole\Debug\link.2520.read.1.tlog
C:\Users\Sascha\Documents\Visual Studio 2012\Projects\jan\gameConsole\Debug\link.2520.write.1.tlog
C:\Users\Sascha\Documents\Visual Studio 2012\Projects\jan\gameConsole\Debug\link.2572-cvtres.read.1.tlog
C:\Users\Sascha\Documents\Visual Studio 2012\Projects\jan\gameConsole\Debug\link.2572-cvtres.write.1.tlog
C:\Users\Sascha\Documents\Visual Studio 2012\Projects\jan\gameConsole\Debug\link.2572-rc.read.1.tlog
C:\Users\Sascha\Documents\Visual Studio 2012\Projects\jan\gameConsole\Debug\link.2572-rc.write.1.tlog
C:\Users\Sascha\Documents\Visual Studio 2012\Projects\jan\gameConsole\Debug\link.2572.read.1.tlog
C:\Users\Sascha\Documents\Visual Studio 2012\Projects\jan\gameConsole\Debug\link.2572.write.1.tlog
C:\Users\Sascha\Documents\Visual Studio 2012\Projects\jan\gameConsole\Debug\link.2880-cvtres.read.1.tlog
C:\Users\Sascha\Documents\Visual Studio 2012\Projects\jan\gameConsole\Debug\link.2880-cvtres.write.1.tlog
C:\Users\Sascha\Documents\Visual Studio 2012\Projects\jan\gameConsole\Debug\link.2880-rc.read.1.tlog
C:\Users\Sascha\Documents\Visual Studio 2012\Projects\jan\gameConsole\Debug\link.2880-rc.write.1.tlog
C:\Users\Sascha\Documents\Visual Studio 2012\Projects\jan\gameConsole\Debug\link.2880.read.1.tlog
C:\Users\Sascha\Documents\Visual Studio 2012\Projects\jan\gameConsole\Debug\link.2880.write.1.tlog
C:\Users\Sascha\Documents\Visual Studio 2012\Projects\jan\gameConsole\Debug\link.2928-cvtres.read.1.tlog
C:\Users\Sascha\Documents\Visual Studio 2012\Projects\jan\gameConsole\Debug\link.2928-cvtres.write.1.tlog
C:\Users\Sascha\Documents\Visual Studio 2012\Projects\jan\gameConsole\Debug\link.2928-rc.read.1.tlog
C:\Users\Sascha\Documents\Visual Studio 2012\Projects\jan\gameConsole\Debug\link.2928-rc.write.1.tlog
C:\Users\Sascha\Documents\Visual Studio 2012\Projects\jan\gameConsole\Debug\link.2928.read.1.tlog
C:\Users\Sascha\Documents\Visual Studio 2012\Projects\jan\gameConsole\Debug\link.2928.write.1.tlog
C:\Users\Sascha\Documents\Visual Studio 2012\Projects\jan\gameConsole\Debug\link.3232-cvtres.read.1.tlog
C:\Users\Sascha\Documents\Visual Studio 2012\Projects\jan\gameConsole\Debug\link.3232-cvtres.write.1.tlog
C:\Users\Sascha\Documents\Visual Studio 2012\Projects\jan\gameConsole\Debug\link.3232-rc.read.1.tlog
C:\Users\Sascha\Documents\Visual Studio 2012\Projects\jan\gameConsole\Debug\link.3232-rc.write.1.tlog
C:\Users\Sascha\Documents\Visual Studio 2012\Projects\jan\gameConsole\Debug\link.3232.read.1.tlog
C:\Users\Sascha\Documents\Visual Studio 2012\Projects\jan\gameConsole\Debug\link.3232.write.1.tlog
C:\Users\Sascha\Documents\Visual Studio 2012\Projects\jan\gameConsole\Debug\link.3388-cvtres.read.1.tlog
C:\Users\Sascha\Documents\Visual Studio 2012\Projects\jan\gameConsole\Debug\link.3388-cvtres.write.1.tlog
C:\Users\Sascha\Documents\Visual Studio 2012\Projects\jan\gameConsole\Debug\link.3388-rc.read.1.tlog
C:\Users\Sascha\Documents\Visual Studio 2012\Projects\jan\gameConsole\Debug\link.3388-rc.write.1.tlog
C:\Users\Sascha\Documents\Visual Studio 2012\Projects\jan\gameConsole\Debug\link.3388.read.1.tlog
C:\Users\Sascha\Documents\Visual Studio 2012\Projects\jan\gameConsole\Debug\link.3388.write.1.tlog
C:\Users\Sascha\Documents\Visual Studio 2012\Projects\jan\gameConsole\Debug\link.3400-cvtres.read.1.tlog
C:\Users\Sascha\Documents\Visual Studio 2012\Projects\jan\gameConsole\Debug\link.3400-cvtres.write.1.tlog
C:\Users\Sascha\Documents\Visual Studio 2012\Projects\jan\gameConsole\Debug\link.3400-rc.read.1.tlog
C:\Users\Sascha\Documents\Visual Studio 2012\Projects\jan\gameConsole\Debug\link.3400-rc.write.1.tlog
C:\Users\Sascha\Documents\Visual Studio 2012\Projects\jan\gameConsole\Debug\link.3400.read.1.tlog
C:\Users\Sascha\Documents\Visual Studio 2012\Projects\jan\gameConsole\Debug\link.3400.write.1.tlog
C:\Users\Sascha\Documents\Visual Studio 2012\Projects\jan\gameConsole\Debug\link.3592-cvtres.read.1.tlog
C:\Users\Sascha\Documents\Visual Studio 2012\Projects\jan\gameConsole\Debug\link.3592-cvtres.write.1.tlog
C:\Users\Sascha\Documents\Visual Studio 2012\Projects\jan\gameConsole\Debug\link.3592-rc.read.1.tlog
C:\Users\Sascha\Documents\Visual Studio 2012\Projects\jan\gameConsole\Debug\link.3592-rc.write.1.tlog
C:\Users\Sascha\Documents\Visual Studio 2012\Projects\jan\gameConsole\Debug\link.3592.read.1.tlog
C:\Users\Sascha\Documents\Visual Studio 2012\Projects\jan\gameConsole\Debug\link.3592.write.1.tlog
C:\Users\Sascha\Documents\Visual Studio 2012\Projects\jan\gameConsole\Debug\link.3612-cvtres.read.1.tlog
C:\Users\Sascha\Documents\Visual Studio 2012\Projects\jan\gameConsole\Debug\link.3612-cvtres.write.1.tlog
C:\Users\Sascha\Documents\Visual Studio 2012\Projects\jan\gameConsole\Debug\link.3612-rc.read.1.tlog
C:\Users\Sascha\Documents\Visual Studio 2012\Projects\jan\gameConsole\Debug\link.3612-rc.write.1.tlog
C:\Users\Sascha\Documents\Visual Studio 2012\Projects\jan\gameConsole\Debug\link.3612.read.1.tlog
C:\Users\Sascha\Documents\Visual Studio 2012\Projects\jan\gameConsole\Debug\link.3612.write.1.tlog
C:\Users\Sascha\Documents\Visual Studio 2012\Projects\jan\gameConsole\Debug\link.3684-cvtres.read.1.tlog
C:\Users\Sascha\Documents\Visual Studio 2012\Projects\jan\gameConsole\Debug\link.3684-cvtres.write.1.tlog
C:\Users\Sascha\Documents\Visual Studio 2012\Projects\jan\gameConsole\Debug\link.3684-rc.read.1.tlog
C:\Users\Sascha\Documents\Visual Studio 2012\Projects\jan\gameConsole\Debug\link.3684-rc.write.1.tlog
C:\Users\Sascha\Documents\Visual Studio 2012\Projects\jan\gameConsole\Debug\link.3684.read.1.tlog
C:\Users\Sascha\Documents\Visual Studio 2012\Projects\jan\gameConsole\Debug\link.3684.write.1.tlog
C:\Users\Sascha\Documents\Visual Studio 2012\Projects\jan\gameConsole\Debug\link.372-cvtres.read.1.tlog
C:\Users\Sascha\Documents\Visual Studio 2012\Projects\jan\gameConsole\Debug\link.372-cvtres.write.1.tlog
C:\Users\Sascha\Documents\Visual Studio 2012\Projects\jan\gameConsole\Debug\link.372-rc.read.1.tlog
C:\Users\Sascha\Documents\Visual Studio 2012\Projects\jan\gameConsole\Debug\link.372-rc.write.1.tlog
C:\Users\Sascha\Documents\Visual Studio 2012\Projects\jan\gameConsole\Debug\link.372.read.1.tlog
C:\Users\Sascha\Documents\Visual Studio 2012\Projects\jan\gameConsole\Debug\link.372.write.1.tlog
C:\Users\Sascha\Documents\Visual Studio 2012\Projects\jan\gameConsole\Debug\link.3744-cvtres.read.1.tlog
C:\Users\Sascha\Documents\Visual Studio 2012\Projects\jan\gameConsole\Debug\link.3744-cvtres.write.1.tlog
C:\Users\Sascha\Documents\Visual Studio 2012\Projects\jan\gameConsole\Debug\link.3744-rc.read.1.tlog
C:\Users\Sascha\Documents\Visual Studio 2012\Projects\jan\gameConsole\Debug\link.3744-rc.write.1.tlog
C:\Users\Sascha\Documents\Visual Studio 2012\Projects\jan\gameConsole\Debug\link.3744.read.1.tlog
C:\Users\Sascha\Documents\Visual Studio 2012\Projects\jan\gameConsole\Debug\link.3744.write.1.tlog
C:\Users\Sascha\Documents\Visual Studio 2012\Projects\jan\gameConsole\Debug\link.3840-cvtres.read.1.tlog
C:\Users\Sascha\Documents\Visual Studio 2012\Projects\jan\gameConsole\Debug\link.3840-cvtres.write.1.tlog
C:\Users\Sascha\Documents\Visual Studio 2012\Projects\jan\gameConsole\Debug\link.3840-rc.read.1.tlog
C:\Users\Sascha\Documents\Visual Studio 2012\Projects\jan\gameConsole\Debug\link.3840-rc.write.1.tlog
C:\Users\Sascha\Documents\Visual Studio 2012\Projects\jan\gameConsole\Debug\link.3840.read.1.tlog
C:\Users\Sascha\Documents\Visual Studio 2012\Projects\jan\gameConsole\Debug\link.3840.write.1.tlog
C:\Users\Sascha\Documents\Visual Studio 2012\Projects\jan\gameConsole\Debug\link.3848-cvtres.read.1.tlog
C:\Users\Sascha\Documents\Visual Studio 2012\Projects\jan\gameConsole\Debug\link.3848-cvtres.write.1.tlog
C:\Users\Sascha\Documents\Visual Studio 2012\Projects\jan\gameConsole\Debug\link.3848-rc.read.1.tlog
C:\Users\Sascha\Documents\Visual Studio 2012\Projects\jan\gameConsole\Debug\link.3848-rc.write.1.tlog
C:\Users\Sascha\Documents\Visual Studio 2012\Projects\jan\gameConsole\Debug\link.3848.read.1.tlog
C:\Users\Sascha\Documents\Visual Studio 2012\Projects\jan\gameConsole\Debug\link.3848.write.1.tlog
C:\Users\Sascha\Documents\Visual Studio 2012\Projects\jan\gameConsole\Debug\link.3852-cvtres.read.1.tlog
C:\Users\Sascha\Documents\Visual Studio 2012\Projects\jan\gameConsole\Debug\link.3852-cvtres.write.1.tlog
C:\Users\Sascha\Documents\Visual Studio 2012\Projects\jan\gameConsole\Debug\link.3852-rc.read.1.tlog
C:\Users\Sascha\Documents\Visual Studio 2012\Projects\jan\gameConsole\Debug\link.3852-rc.write.1.tlog
C:\Users\Sascha\Documents\Visual Studio 2012\Projects\jan\gameConsole\Debug\link.3852.read.1.tlog
C:\Users\Sascha\Documents\Visual Studio 2012\Projects\jan\gameConsole\Debug\link.3852.write.1.tlog
C:\Users\Sascha\Documents\Visual Studio 2012\Projects\jan\gameConsole\Debug\link.3900-cvtres.read.1.tlog
C:\Users\Sascha\Documents\Visual Studio 2012\Projects\jan\gameConsole\Debug\link.3900-cvtres.write.1.tlog
C:\Users\Sascha\Documents\Visual Studio 2012\Projects\jan\gameConsole\Debug\link.3900-rc.read.1.tlog
C:\Users\Sascha\Documents\Visual Studio 2012\Projects\jan\gameConsole\Debug\link.3900-rc.write.1.tlog
C:\Users\Sascha\Documents\Visual Studio 2012\Projects\jan\gameConsole\Debug\link.3900.read.1.tlog
C:\Users\Sascha\Documents\Visual Studio 2012\Projects\jan\gameConsole\Debug\link.3900.write.1.tlog
C:\Users\Sascha\Documents\Visual Studio 2012\Projects\jan\gameConsole\Debug\link.3968-cvtres.read.1.tlog
C:\Users\Sascha\Documents\Visual Studio 2012\Projects\jan\gameConsole\Debug\link.3968-cvtres.write.1.tlog
C:\Users\Sascha\Documents\Visual Studio 2012\Projects\jan\gameConsole\Debug\link.3968-rc.read.1.tlog
C:\Users\Sascha\Documents\Visual Studio 2012\Projects\jan\gameConsole\Debug\link.3968-rc.write.1.tlog
C:\Users\Sascha\Documents\Visual Studio 2012\Projects\jan\gameConsole\Debug\link.3968.read.1.tlog
C:\Users\Sascha\Documents\Visual Studio 2012\Projects\jan\gameConsole\Debug\link.3968.write.1.tlog
C:\Users\Sascha\Documents\Visual Studio 2012\Projects\jan\gameConsole\Debug\link.4008-cvtres.read.1.tlog
C:\Users\Sascha\Documents\Visual Studio 2012\Projects\jan\gameConsole\Debug\link.4008-cvtres.write.1.tlog
C:\Users\Sascha\Documents\Visual Studio 2012\Projects\jan\gameConsole\Debug\link.4008-rc.read.1.tlog
C:\Users\Sascha\Documents\Visual Studio 2012\Projects\jan\gameConsole\Debug\link.4008-rc.write.1.tlog
C:\Users\Sascha\Documents\Visual Studio 2012\Projects\jan\gameConsole\Debug\link.4008.read.1.tlog
C:\Users\Sascha\Documents\Visual Studio 2012\Projects\jan\gameConsole\Debug\link.4008.write.1.tlog
C:\Users\Sascha\Documents\Visual Studio 2012\Projects\jan\gameConsole\Debug\link.4168-cvtres.read.1.tlog
C:\Users\Sascha\Documents\Visual Studio 2012\Projects\jan\gameConsole\Debug\link.4168-cvtres.write.1.tlog
C:\Users\Sascha\Documents\Visual Studio 2012\Projects\jan\gameConsole\Debug\link.4168-rc.read.1.tlog
C:\Users\Sascha\Documents\Visual Studio 2012\Projects\jan\gameConsole\Debug\link.4168-rc.write.1.tlog
C:\Users\Sascha\Documents\Visual Studio 2012\Projects\jan\gameConsole\Debug\link.4168.read.1.tlog
C:\Users\Sascha\Documents\Visual Studio 2012\Projects\jan\gameConsole\Debug\link.4168.write.1.tlog
C:\Users\Sascha\Documents\Visual Studio 2012\Projects\jan\gameConsole\Debug\link.4212-cvtres.read.1.tlog
C:\Users\Sascha\Documents\Visual Studio 2012\Projects\jan\gameConsole\Debug\link.4212-cvtres.write.1.tlog
C:\Users\Sascha\Documents\Visual Studio 2012\Projects\jan\gameConsole\Debug\link.4212-rc.read.1.tlog
C:\Users\Sascha\Documents\Visual Studio 2012\Projects\jan\gameConsole\Debug\link.4212-rc.write.1.tlog
C:\Users\Sascha\Documents\Visual Studio 2012\Projects\jan\gameConsole\Debug\link.4212.read.1.tlog
C:\Users\Sascha\Documents\Visual Studio 2012\Projects\jan\gameConsole\Debug\link.4212.write.1.tlog
C:\Users\Sascha\Documents\Visual Studio 2012\Projects\jan\gameConsole\Debug\link.4324-cvtres.read.1.tlog
C:\Users\Sascha\Documents\Visual Studio 2012\Projects\jan\gameConsole\Debug\link.4324-cvtres.write.1.tlog
C:\Users\Sascha\Documents\Visual Studio 2012\Projects\jan\gameConsole\Debug\link.4324-rc.read.1.tlog
C:\Users\Sascha\Documents\Visual Studio 2012\Projects\jan\gameConsole\Debug\link.4324-rc.write.1.tlog
C:\Users\Sascha\Documents\Visual Studio 2012\Projects\jan\gameConsole\Debug\link.4324.read.1.tlog
C:\Users\Sascha\Documents\Visual Studio 2012\Projects\jan\gameConsole\Debug\link.4324.write.1.tlog
C:\Users\Sascha\Documents\Visual Studio 2012\Projects\jan\gameConsole\Debug\link.4352-cvtres.read.1.tlog
C:\Users\Sascha\Documents\Visual Studio 2012\Projects\jan\gameConsole\Debug\link.4352-cvtres.write.1.tlog
C:\Users\Sascha\Documents\Visual Studio 2012\Projects\jan\gameConsole\Debug\link.4352-rc.read.1.tlog
C:\Users\Sascha\Documents\Visual Studio 2012\Projects\jan\gameConsole\Debug\link.4352-rc.write.1.tlog
C:\Users\Sascha\Documents\Visual Studio 2012\Projects\jan\gameConsole\Debug\link.4352.read.1.tlog
C:\Users\Sascha\Documents\Visual Studio 2012\Projects\jan\gameConsole\Debug\link.4352.write.1.tlog
C:\Users\Sascha\Documents\Visual Studio 2012\Projects\jan\gameConsole\Debug\link.4492-cvtres.read.1.tlog
C:\Users\Sascha\Documents\Visual Studio 2012\Projects\jan\gameConsole\Debug\link.4492-cvtres.write.1.tlog
C:\Users\Sascha\Documents\Visual Studio 2012\Projects\jan\gameConsole\Debug\link.4492-rc.read.1.tlog
C:\Users\Sascha\Documents\Visual Studio 2012\Projects\jan\gameConsole\Debug\link.4492-rc.write.1.tlog
C:\Users\Sascha\Documents\Visual Studio 2012\Projects\jan\gameConsole\Debug\link.4492.read.1.tlog
C:\Users\Sascha\Documents\Visual Studio 2012\Projects\jan\gameConsole\Debug\link.4492.write.1.tlog
C:\Users\Sascha\Documents\Visual Studio 2012\Projects\jan\gameConsole\Debug\link.4540-cvtres.read.1.tlog
C:\Users\Sascha\Documents\Visual Studio 2012\Projects\jan\gameConsole\Debug\link.4540-cvtres.write.1.tlog
C:\Users\Sascha\Documents\Visual Studio 2012\Projects\jan\gameConsole\Debug\link.4540-rc.read.1.tlog
C:\Users\Sascha\Documents\Visual Studio 2012\Projects\jan\gameConsole\Debug\link.4540-rc.write.1.tlog
C:\Users\Sascha\Documents\Visual Studio 2012\Projects\jan\gameConsole\Debug\link.4540.read.1.tlog
C:\Users\Sascha\Documents\Visual Studio 2012\Projects\jan\gameConsole\Debug\link.4540.write.1.tlog
C:\Users\Sascha\Documents\Visual Studio 2012\Projects\jan\gameConsole\Debug\link.4552-cvtres.read.1.tlog
C:\Users\Sascha\Documents\Visual Studio 2012\Projects\jan\gameConsole\Debug\link.4552-cvtres.write.1.tlog
C:\Users\Sascha\Documents\Visual Studio 2012\Projects\jan\gameConsole\Debug\link.4552-rc.read.1.tlog
C:\Users\Sascha\Documents\Visual Studio 2012\Projects\jan\gameConsole\Debug\link.4552-rc.write.1.tlog
C:\Users\Sascha\Documents\Visual Studio 2012\Projects\jan\gameConsole\Debug\link.4552.read.1.tlog
C:\Users\Sascha\Documents\Visual Studio 2012\Projects\jan\gameConsole\Debug\link.4552.write.1.tlog
C:\Users\Sascha\Documents\Visual Studio 2012\Projects\jan\gameConsole\Debug\link.4576-cvtres.read.1.tlog
C:\Users\Sascha\Documents\Visual Studio 2012\Projects\jan\gameConsole\Debug\link.4576-cvtres.write.1.tlog
C:\Users\Sascha\Documents\Visual Studio 2012\Projects\jan\gameConsole\Debug\link.4576-rc.read.1.tlog
C:\Users\Sascha\Documents\Visual Studio 2012\Projects\jan\gameConsole\Debug\link.4576-rc.write.1.tlog
C:\Users\Sascha\Documents\Visual Studio 2012\Projects\jan\gameConsole\Debug\link.4576.read.1.tlog
C:\Users\Sascha\Documents\Visual Studio 2012\Projects\jan\gameConsole\Debug\link.4576.write.1.tlog
C:\Users\Sascha\Documents\Visual Studio 2012\Projects\jan\gameConsole\Debug\link.4596-cvtres.read.1.tlog
C:\Users\Sascha\Documents\Visual Studio 2012\Projects\jan\gameConsole\Debug\link.4596-cvtres.write.1.tlog
C:\Users\Sascha\Documents\Visual Studio 2012\Projects\jan\gameConsole\Debug\link.4596-rc.read.1.tlog
C:\Users\Sascha\Documents\Visual Studio 2012\Projects\jan\gameConsole\Debug\link.4596-rc.write.1.tlog
C:\Users\Sascha\Documents\Visual Studio 2012\Projects\jan\gameConsole\Debug\link.4596.read.1.tlog
C:\Users\Sascha\Documents\Visual Studio 2012\Projects\jan\gameConsole\Debug\link.4596.write.1.tlog
C:\Users\Sascha\Documents\Visual Studio 2012\Projects\jan\gameConsole\Debug\link.4604-cvtres.read.1.tlog
C:\Users\Sascha\Documents\Visual Studio 2012\Projects\jan\gameConsole\Debug\link.4604-cvtres.write.1.tlog
C:\Users\Sascha\Documents\Visual Studio 2012\Projects\jan\gameConsole\Debug\link.4604-rc.read.1.tlog
C:\Users\Sascha\Documents\Visual Studio 2012\Projects\jan\gameConsole\Debug\link.4604-rc.write.1.tlog
C:\Users\Sascha\Documents\Visual Studio 2012\Projects\jan\gameConsole\Debug\link.4604.read.1.tlog
C:\Users\Sascha\Documents\Visual Studio 2012\Projects\jan\gameConsole\Debug\link.4604.write.1.tlog
C:\Users\Sascha\Documents\Visual Studio 2012\Projects\jan\gameConsole\Debug\link.4624-cvtres.read.1.tlog
C:\Users\Sascha\Documents\Visual Studio 2012\Projects\jan\gameConsole\Debug\link.4624-cvtres.write.1.tlog
C:\Users\Sascha\Documents\Visual Studio 2012\Projects\jan\gameConsole\Debug\link.4624-rc.read.1.tlog
C:\Users\Sascha\Documents\Visual Studio 2012\Projects\jan\gameConsole\Debug\link.4624-rc.write.1.tlog
C:\Users\Sascha\Documents\Visual Studio 2012\Projects\jan\gameConsole\Debug\link.4624.read.1.tlog
C:\Users\Sascha\Documents\Visual Studio 2012\Projects\jan\gameConsole\Debug\link.4624.write.1.tlog
C:\Users\Sascha\Documents\Visual Studio 2012\Projects\jan\gameConsole\Debug\link.4628-cvtres.read.1.tlog
C:\Users\Sascha\Documents\Visual Studio 2012\Projects\jan\gameConsole\Debug\link.4628-cvtres.write.1.tlog
C:\Users\Sascha\Documents\Visual Studio 2012\Projects\jan\gameConsole\Debug\link.4628-rc.read.1.tlog
C:\Users\Sascha\Documents\Visual Studio 2012\Projects\jan\gameConsole\Debug\link.4628-rc.write.1.tlog
C:\Users\Sascha\Documents\Visual Studio 2012\Projects\jan\gameConsole\Debug\link.4628.read.1.tlog
C:\Users\Sascha\Documents\Visual Studio 2012\Projects\jan\gameConsole\Debug\link.4628.write.1.tlog
C:\Users\Sascha\Documents\Visual Studio 2012\Projects\jan\gameConsole\Debug\link.4644-cvtres.read.1.tlog
C:\Users\Sascha\Documents\Visual Studio 2012\Projects\jan\gameConsole\Debug\link.4644-cvtres.write.1.tlog
C:\Users\Sascha\Documents\Visual Studio 2012\Projects\jan\gameConsole\Debug\link.4644-rc.read.1.tlog
C:\Users\Sascha\Documents\Visual Studio 2012\Projects\jan\gameConsole\Debug\link.4644-rc.write.1.tlog
C:\Users\Sascha\Documents\Visual Studio 2012\Projects\jan\gameConsole\Debug\link.4644.read.1.tlog
C:\Users\Sascha\Documents\Visual Studio 2012\Projects\jan\gameConsole\Debug\link.4644.write.1.tlog
C:\Users\Sascha\Documents\Visual Studio 2012\Projects\jan\gameConsole\Debug\link.4684-cvtres.read.1.tlog
C:\Users\Sascha\Documents\Visual Studio 2012\Projects\jan\gameConsole\Debug\link.4684-cvtres.write.1.tlog
C:\Users\Sascha\Documents\Visual Studio 2012\Projects\jan\gameConsole\Debug\link.4684-rc.read.1.tlog
C:\Users\Sascha\Documents\Visual Studio 2012\Projects\jan\gameConsole\Debug\link.4684-rc.write.1.tlog
C:\Users\Sascha\Documents\Visual Studio 2012\Projects\jan\gameConsole\Debug\link.4684.read.1.tlog
C:\Users\Sascha\Documents\Visual Studio 2012\Projects\jan\gameConsole\Debug\link.4684.write.1.tlog
C:\Users\Sascha\Documents\Visual Studio 2012\Projects\jan\gameConsole\Debug\link.4712-cvtres.read.1.tlog
C:\Users\Sascha\Documents\Visual Studio 2012\Projects\jan\gameConsole\Debug\link.4712-cvtres.write.1.tlog
C:\Users\Sascha\Documents\Visual Studio 2012\Projects\jan\gameConsole\Debug\link.4712-rc.read.1.tlog
C:\Users\Sascha\Documents\Visual Studio 2012\Projects\jan\gameConsole\Debug\link.4712-rc.write.1.tlog
C:\Users\Sascha\Documents\Visual Studio 2012\Projects\jan\gameConsole\Debug\link.4712.read.1.tlog
C:\Users\Sascha\Documents\Visual Studio 2012\Projects\jan\gameConsole\Debug\link.4712.write.1.tlog
C:\Users\Sascha\Documents\Visual Studio 2012\Projects\jan\gameConsole\Debug\link.4716-cvtres.read.1.tlog
C:\Users\Sascha\Documents\Visual Studio 2012\Projects\jan\gameConsole\Debug\link.4716-cvtres.write.1.tlog
C:\Users\Sascha\Documents\Visual Studio 2012\Projects\jan\gameConsole\Debug\link.4716-rc.read.1.tlog
C:\Users\Sascha\Documents\Visual Studio 2012\Projects\jan\gameConsole\Debug\link.4716-rc.write.1.tlog
C:\Users\Sascha\Documents\Visual Studio 2012\Projects\jan\gameConsole\Debug\link.4716.read.1.tlog
C:\Users\Sascha\Documents\Visual Studio 2012\Projects\jan\gameConsole\Debug\link.4716.write.1.tlog
C:\Users\Sascha\Documents\Visual Studio 2012\Projects\jan\gameConsole\Debug\link.4872-cvtres.read.1.tlog
C:\Users\Sascha\Documents\Visual Studio 2012\Projects\jan\gameConsole\Debug\link.4872-cvtres.write.1.tlog
C:\Users\Sascha\Documents\Visual Studio 2012\Projects\jan\gameConsole\Debug\link.4872-rc.read.1.tlog
C:\Users\Sascha\Documents\Visual Studio 2012\Projects\jan\gameConsole\Debug\link.4872-rc.write.1.tlog
C:\Users\Sascha\Documents\Visual Studio 2012\Projects\jan\gameConsole\Debug\link.4872.read.1.tlog
C:\Users\Sascha\Documents\Visual Studio 2012\Projects\jan\gameConsole\Debug\link.4872.write.1.tlog
C:\Users\Sascha\Documents\Visual Studio 2012\Projects\jan\gameConsole\Debug\link.5000-cvtres.read.1.tlog
C:\Users\Sascha\Documents\Visual Studio 2012\Projects\jan\gameConsole\Debug\link.5000-cvtres.write.1.tlog
C:\Users\Sascha\Documents\Visual Studio 2012\Projects\jan\gameConsole\Debug\link.5000-rc.read.1.tlog
C:\Users\Sascha\Documents\Visual Studio 2012\Projects\jan\gameConsole\Debug\link.5000-rc.write.1.tlog
C:\Users\Sascha\Documents\Visual Studio 2012\Projects\jan\gameConsole\Debug\link.5000.read.1.tlog
C:\Users\Sascha\Documents\Visual Studio 2012\Projects\jan\gameConsole\Debug\link.5000.write.1.tlog
C:\Users\Sascha\Documents\Visual Studio 2012\Projects\jan\gameConsole\Debug\link.5040-cvtres.read.1.tlog
C:\Users\Sascha\Documents\Visual Studio 2012\Projects\jan\gameConsole\Debug\link.5040-cvtres.write.1.tlog
C:\Users\Sascha\Documents\Visual Studio 2012\Projects\jan\gameConsole\Debug\link.5040-rc.read.1.tlog
C:\Users\Sascha\Documents\Visual Studio 2012\Projects\jan\gameConsole\Debug\link.5040-rc.write.1.tlog
C:\Users\Sascha\Documents\Visual Studio 2012\Projects\jan\gameConsole\Debug\link.5040.read.1.tlog
C:\Users\Sascha\Documents\Visual Studio 2012\Projects\jan\gameConsole\Debug\link.5040.write.1.tlog
C:\Users\Sascha\Documents\Visual Studio 2012\Projects\jan\gameConsole\Debug\link.5044-cvtres.read.1.tlog
C:\Users\Sascha\Documents\Visual Studio 2012\Projects\jan\gameConsole\Debug\link.5044-cvtres.write.1.tlog
C:\Users\Sascha\Documents\Visual Studio 2012\Projects\jan\gameConsole\Debug\link.5044-rc.read.1.tlog
C:\Users\Sascha\Documents\Visual Studio 2012\Projects\jan\gameConsole\Debug\link.5044-rc.write.1.tlog
C:\Users\Sascha\Documents\Visual Studio 2012\Projects\jan\gameConsole\Debug\link.5044.read.1.tlog
C:\Users\Sascha\Documents\Visual Studio 2012\Projects\jan\gameConsole\Debug\link.5044.write.1.tlog
C:\Users\Sascha\Documents\Visual Studio 2012\Projects\jan\gameConsole\Debug\link.5164-cvtres.read.1.tlog
C:\Users\Sascha\Documents\Visual Studio 2012\Projects\jan\gameConsole\Debug\link.5164-cvtres.write.1.tlog
C:\Users\Sascha\Documents\Visual Studio 2012\Projects\jan\gameConsole\Debug\link.5164-rc.read.1.tlog
C:\Users\Sascha\Documents\Visual Studio 2012\Projects\jan\gameConsole\Debug\link.5164-rc.write.1.tlog
C:\Users\Sascha\Documents\Visual Studio 2012\Projects\jan\gameConsole\Debug\link.5164.read.1.tlog
C:\Users\Sascha\Documents\Visual Studio 2012\Projects\jan\gameConsole\Debug\link.5164.write.1.tlog
C:\Users\Sascha\Documents\Visual Studio 2012\Projects\jan\gameConsole\Debug\link.5168-cvtres.read.1.tlog
C:\Users\Sascha\Documents\Visual Studio 2012\Projects\jan\gameConsole\Debug\link.5168-cvtres.write.1.tlog
C:\Users\Sascha\Documents\Visual Studio 2012\Projects\jan\gameConsole\Debug\link.5168-rc.read.1.tlog
C:\Users\Sascha\Documents\Visual Studio 2012\Projects\jan\gameConsole\Debug\link.5168-rc.write.1.tlog
C:\Users\Sascha\Documents\Visual Studio 2012\Projects\jan\gameConsole\Debug\link.5168.read.1.tlog
C:\Users\Sascha\Documents\Visual Studio 2012\Projects\jan\gameConsole\Debug\link.5168.write.1.tlog
C:\Users\Sascha\Documents\Visual Studio 2012\Projects\jan\gameConsole\Debug\link.5176-cvtres.read.1.tlog
C:\Users\Sascha\Documents\Visual Studio 2012\Projects\jan\gameConsole\Debug\link.5176-cvtres.write.1.tlog
C:\Users\Sascha\Documents\Visual Studio 2012\Projects\jan\gameConsole\Debug\link.5176-rc.read.1.tlog
C:\Users\Sascha\Documents\Visual Studio 2012\Projects\jan\gameConsole\Debug\link.5176-rc.write.1.tlog
C:\Users\Sascha\Documents\Visual Studio 2012\Projects\jan\gameConsole\Debug\link.5176.read.1.tlog
C:\Users\Sascha\Documents\Visual Studio 2012\Projects\jan\gameConsole\Debug\link.5176.write.1.tlog
C:\Users\Sascha\Documents\Visual Studio 2012\Projects\jan\gameConsole\Debug\link.5180-cvtres.read.1.tlog
C:\Users\Sascha\Documents\Visual Studio 2012\Projects\jan\gameConsole\Debug\link.5180-cvtres.write.1.tlog
C:\Users\Sascha\Documents\Visual Studio 2012\Projects\jan\gameConsole\Debug\link.5180-rc.read.1.tlog
C:\Users\Sascha\Documents\Visual Studio 2012\Projects\jan\gameConsole\Debug\link.5180-rc.write.1.tlog
C:\Users\Sascha\Documents\Visual Studio 2012\Projects\jan\gameConsole\Debug\link.5180.read.1.tlog
C:\Users\Sascha\Documents\Visual Studio 2012\Projects\jan\gameConsole\Debug\link.5180.write.1.tlog
C:\Users\Sascha\Documents\Visual Studio 2012\Projects\jan\gameConsole\Debug\link.5400-cvtres.read.1.tlog
C:\Users\Sascha\Documents\Visual Studio 2012\Projects\jan\gameConsole\Debug\link.5400-cvtres.write.1.tlog
C:\Users\Sascha\Documents\Visual Studio 2012\Projects\jan\gameConsole\Debug\link.5400-rc.read.1.tlog
C:\Users\Sascha\Documents\Visual Studio 2012\Projects\jan\gameConsole\Debug\link.5400-rc.write.1.tlog
C:\Users\Sascha\Documents\Visual Studio 2012\Projects\jan\gameConsole\Debug\link.5400.read.1.tlog
C:\Users\Sascha\Documents\Visual Studio 2012\Projects\jan\gameConsole\Debug\link.5400.write.1.tlog
C:\Users\Sascha\Documents\Visual Studio 2012\Projects\jan\gameConsole\Debug\link.5500-cvtres.read.1.tlog
C:\Users\Sascha\Documents\Visual Studio 2012\Projects\jan\gameConsole\Debug\link.5500-cvtres.write.1.tlog
C:\Users\Sascha\Documents\Visual Studio 2012\Projects\jan\gameConsole\Debug\link.5500-rc.read.1.tlog
C:\Users\Sascha\Documents\Visual Studio 2012\Projects\jan\gameConsole\Debug\link.5500-rc.write.1.tlog
C:\Users\Sascha\Documents\Visual Studio 2012\Projects\jan\gameConsole\Debug\link.5500.read.1.tlog
C:\Users\Sascha\Documents\Visual Studio 2012\Projects\jan\gameConsole\Debug\link.5500.write.1.tlog
C:\Users\Sascha\Documents\Visual Studio 2012\Projects\jan\gameConsole\Debug\link.5688-cvtres.read.1.tlog
C:\Users\Sascha\Documents\Visual Studio 2012\Projects\jan\gameConsole\Debug\link.5688-cvtres.write.1.tlog
C:\Users\Sascha\Documents\Visual Studio 2012\Projects\jan\gameConsole\Debug\link.5688-rc.read.1.tlog
C:\Users\Sascha\Documents\Visual Studio 2012\Projects\jan\gameConsole\Debug\link.5688-rc.write.1.tlog
C:\Users\Sascha\Documents\Visual Studio 2012\Projects\jan\gameConsole\Debug\link.5688.read.1.tlog
C:\Users\Sascha\Documents\Visual Studio 2012\Projects\jan\gameConsole\Debug\link.5688.write.1.tlog
C:\Users\Sascha\Documents\Visual Studio 2012\Projects\jan\gameConsole\Debug\link.5708-cvtres.read.1.tlog
C:\Users\Sascha\Documents\Visual Studio 2012\Projects\jan\gameConsole\Debug\link.5708-cvtres.write.1.tlog
C:\Users\Sascha\Documents\Visual Studio 2012\Projects\jan\gameConsole\Debug\link.5708-rc.read.1.tlog
C:\Users\Sascha\Documents\Visual Studio 2012\Projects\jan\gameConsole\Debug\link.5708-rc.write.1.tlog
C:\Users\Sascha\Documents\Visual Studio 2012\Projects\jan\gameConsole\Debug\link.5708.read.1.tlog
C:\Users\Sascha\Documents\Visual Studio 2012\Projects\jan\gameConsole\Debug\link.5708.write.1.tlog
C:\Users\Sascha\Documents\Visual Studio 2012\Projects\jan\gameConsole\Debug\link.5740-cvtres.read.1.tlog
C:\Users\Sascha\Documents\Visual Studio 2012\Projects\jan\gameConsole\Debug\link.5740-cvtres.write.1.tlog
C:\Users\Sascha\Documents\Visual Studio 2012\Projects\jan\gameConsole\Debug\link.5740-rc.read.1.tlog
C:\Users\Sascha\Documents\Visual Studio 2012\Projects\jan\gameConsole\Debug\link.5740-rc.write.1.tlog
C:\Users\Sascha\Documents\Visual Studio 2012\Projects\jan\gameConsole\Debug\link.5740.read.1.tlog
C:\Users\Sascha\Documents\Visual Studio 2012\Projects\jan\gameConsole\Debug\link.5740.write.1.tlog
C:\Users\Sascha\Documents\Visual Studio 2012\Projects\jan\gameConsole\Debug\link.5780-cvtres.read.1.tlog
C:\Users\Sascha\Documents\Visual Studio 2012\Projects\jan\gameConsole\Debug\link.5780-cvtres.write.1.tlog
C:\Users\Sascha\Documents\Visual Studio 2012\Projects\jan\gameConsole\Debug\link.5780-rc.read.1.tlog
C:\Users\Sascha\Documents\Visual Studio 2012\Projects\jan\gameConsole\Debug\link.5780-rc.write.1.tlog
C:\Users\Sascha\Documents\Visual Studio 2012\Projects\jan\gameConsole\Debug\link.5780.read.1.tlog
C:\Users\Sascha\Documents\Visual Studio 2012\Projects\jan\gameConsole\Debug\link.5780.write.1.tlog
C:\Users\Sascha\Documents\Visual Studio 2012\Projects\jan\gameConsole\Debug\link.5916-cvtres.read.1.tlog
C:\Users\Sascha\Documents\Visual Studio 2012\Projects\jan\gameConsole\Debug\link.5916-cvtres.write.1.tlog
C:\Users\Sascha\Documents\Visual Studio 2012\Projects\jan\gameConsole\Debug\link.5916-rc.read.1.tlog
C:\Users\Sascha\Documents\Visual Studio 2012\Projects\jan\gameConsole\Debug\link.5916-rc.write.1.tlog
C:\Users\Sascha\Documents\Visual Studio 2012\Projects\jan\gameConsole\Debug\link.5916.read.1.tlog
C:\Users\Sascha\Documents\Visual Studio 2012\Projects\jan\gameConsole\Debug\link.5916.write.1.tlog
C:\Users\Sascha\Documents\Visual Studio 2012\Projects\jan\gameConsole\Debug\link.5960-cvtres.read.1.tlog
C:\Users\Sascha\Documents\Visual Studio 2012\Projects\jan\gameConsole\Debug\link.5960-cvtres.write.1.tlog
C:\Users\Sascha\Documents\Visual Studio 2012\Projects\jan\gameConsole\Debug\link.5960-rc.read.1.tlog
C:\Users\Sascha\Documents\Visual Studio 2012\Projects\jan\gameConsole\Debug\link.5960-rc.write.1.tlog
C:\Users\Sascha\Documents\Visual Studio 2012\Projects\jan\gameConsole\Debug\link.5960.read.1.tlog
C:\Users\Sascha\Documents\Visual Studio 2012\Projects\jan\gameConsole\Debug\link.5960.write.1.tlog
C:\Users\Sascha\Documents\Visual Studio 2012\Projects\jan\gameConsole\Debug\link.5980-cvtres.read.1.tlog
C:\Users\Sascha\Documents\Visual Studio 2012\Projects\jan\gameConsole\Debug\link.5980-cvtres.write.1.tlog
C:\Users\Sascha\Documents\Visual Studio 2012\Projects\jan\gameConsole\Debug\link.5980-rc.read.1.tlog
C:\Users\Sascha\Documents\Visual Studio 2012\Projects\jan\gameConsole\Debug\link.5980-rc.write.1.tlog
C:\Users\Sascha\Documents\Visual Studio 2012\Projects\jan\gameConsole\Debug\link.5980.read.1.tlog
C:\Users\Sascha\Documents\Visual Studio 2012\Projects\jan\gameConsole\Debug\link.5980.write.1.tlog
C:\Users\Sascha\Documents\Visual Studio 2012\Projects\jan\gameConsole\Debug\link.6008-cvtres.read.1.tlog
C:\Users\Sascha\Documents\Visual Studio 2012\Projects\jan\gameConsole\Debug\link.6008-cvtres.write.1.tlog
C:\Users\Sascha\Documents\Visual Studio 2012\Projects\jan\gameConsole\Debug\link.6008-rc.read.1.tlog
C:\Users\Sascha\Documents\Visual Studio 2012\Projects\jan\gameConsole\Debug\link.6008-rc.write.1.tlog
C:\Users\Sascha\Documents\Visual Studio 2012\Projects\jan\gameConsole\Debug\link.6008.read.1.tlog
C:\Users\Sascha\Documents\Visual Studio 2012\Projects\jan\gameConsole\Debug\link.6008.write.1.tlog
C:\Users\Sascha\Documents\Visual Studio 2012\Projects\jan\gameConsole\Debug\link.6052-cvtres.read.1.tlog
C:\Users\Sascha\Documents\Visual Studio 2012\Projects\jan\gameConsole\Debug\link.6052-cvtres.write.1.tlog
C:\Users\Sascha\Documents\Visual Studio 2012\Projects\jan\gameConsole\Debug\link.6052-rc.read.1.tlog
C:\Users\Sascha\Documents\Visual Studio 2012\Projects\jan\gameConsole\Debug\link.6052-rc.write.1.tlog
C:\Users\Sascha\Documents\Visual Studio 2012\Projects\jan\gameConsole\Debug\link.6052.read.1.tlog
C:\Users\Sascha\Documents\Visual Studio 2012\Projects\jan\gameConsole\Debug\link.6052.write.1.tlog
C:\Users\Sascha\Documents\Visual Studio 2012\Projects\jan\gameConsole\Debug\link.6056-cvtres.read.1.tlog
C:\Users\Sascha\Documents\Visual Studio 2012\Projects\jan\gameConsole\Debug\link.6056-cvtres.write.1.tlog
C:\Users\Sascha\Documents\Visual Studio 2012\Projects\jan\gameConsole\Debug\link.6056-rc.read.1.tlog
C:\Users\Sascha\Documents\Visual Studio 2012\Projects\jan\gameConsole\Debug\link.6056-rc.write.1.tlog
C:\Users\Sascha\Documents\Visual Studio 2012\Projects\jan\gameConsole\Debug\link.6056.read.1.tlog
C:\Users\Sascha\Documents\Visual Studio 2012\Projects\jan\gameConsole\Debug\link.6056.write.1.tlog
C:\Users\Sascha\Documents\Visual Studio 2012\Projects\jan\gameConsole\Debug\link.6080-cvtres.read.1.tlog
C:\Users\Sascha\Documents\Visual Studio 2012\Projects\jan\gameConsole\Debug\link.6080-cvtres.write.1.tlog
C:\Users\Sascha\Documents\Visual Studio 2012\Projects\jan\gameConsole\Debug\link.6080-rc.read.1.tlog
C:\Users\Sascha\Documents\Visual Studio 2012\Projects\jan\gameConsole\Debug\link.6080-rc.write.1.tlog
C:\Users\Sascha\Documents\Visual Studio 2012\Projects\jan\gameConsole\Debug\link.6080.read.1.tlog
C:\Users\Sascha\Documents\Visual Studio 2012\Projects\jan\gameConsole\Debug\link.6080.write.1.tlog
C:\Users\Sascha\Documents\Visual Studio 2012\Projects\jan\gameConsole\Debug\link.6696-cvtres.read.1.tlog
C:\Users\Sascha\Documents\Visual Studio 2012\Projects\jan\gameConsole\Debug\link.6696-cvtres.write.1.tlog
C:\Users\Sascha\Documents\Visual Studio 2012\Projects\jan\gameConsole\Debug\link.6696-rc.read.1.tlog
C:\Users\Sascha\Documents\Visual Studio 2012\Projects\jan\gameConsole\Debug\link.6696-rc.write.1.tlog
C:\Users\Sascha\Documents\Visual Studio 2012\Projects\jan\gameConsole\Debug\link.6696.read.1.tlog
C:\Users\Sascha\Documents\Visual Studio 2012\Projects\jan\gameConsole\Debug\link.6696.write.1.tlog
C:\Users\Sascha\Documents\Visual Studio 2012\Projects\jan\gameConsole\Debug\link.6868-cvtres.read.1.tlog
C:\Users\Sascha\Documents\Visual Studio 2012\Projects\jan\gameConsole\Debug\link.6868-cvtres.write.1.tlog
C:\Users\Sascha\Documents\Visual Studio 2012\Projects\jan\gameConsole\Debug\link.6868-rc.read.1.tlog
C:\Users\Sascha\Documents\Visual Studio 2012\Projects\jan\gameConsole\Debug\link.6868-rc.write.1.tlog
C:\Users\Sascha\Documents\Visual Studio 2012\Projects\jan\gameConsole\Debug\link.6868.read.1.tlog
C:\Users\Sascha\Documents\Visual Studio 2012\Projects\jan\gameConsole\Debug\link.6868.write.1.tlog
C:\Users\Sascha\Documents\Visual Studio 2012\Projects\jan\gameConsole\Debug\link.7068-cvtres.read.1.tlog
C:\Users\Sascha\Documents\Visual Studio 2012\Projects\jan\gameConsole\Debug\link.7068-cvtres.write.1.tlog
C:\Users\Sascha\Documents\Visual Studio 2012\Projects\jan\gameConsole\Debug\link.7068-rc.read.1.tlog
C:\Users\Sascha\Documents\Visual Studio 2012\Projects\jan\gameConsole\Debug\link.7068-rc.write.1.tlog
C:\Users\Sascha\Documents\Visual Studio 2012\Projects\jan\gameConsole\Debug\link.7068.read.1.tlog
C:\Users\Sascha\Documents\Visual Studio 2012\Projects\jan\gameConsole\Debug\link.7068.write.1.tlog
C:\Users\Sascha\Documents\Visual Studio 2012\Projects\jan\gameConsole\Debug\link.7112-cvtres.read.1.tlog
C:\Users\Sascha\Documents\Visual Studio 2012\Projects\jan\gameConsole\Debug\link.7112-cvtres.write.1.tlog
C:\Users\Sascha\Documents\Visual Studio 2012\Projects\jan\gameConsole\Debug\link.7112-rc.read.1.tlog
C:\Users\Sascha\Documents\Visual Studio 2012\Projects\jan\gameConsole\Debug\link.7112-rc.write.1.tlog
C:\Users\Sascha\Documents\Visual Studio 2012\Projects\jan\gameConsole\Debug\link.7112.read.1.tlog
C:\Users\Sascha\Documents\Visual Studio 2012\Projects\jan\gameConsole\Debug\link.7112.write.1.tlog
C:\Users\Sascha\Documents\Visual Studio 2012\Projects\jan\gameConsole\Debug\link.command.1.tlog
C:\Users\Sascha\Documents\Visual Studio 2012\Projects\jan\gameConsole\Debug\link.read.1.tlog
C:\Users\Sascha\Documents\Visual Studio 2012\Projects\jan\gameConsole\Debug\link.write.1.tlog
C:\Users\Sascha\Documents\Visual Studio 2012\Projects\jan\gameConsole\Debug\vc110.idb
C:\Users\Sascha\Documents\Visual Studio 2012\Projects\jan\gameConsole\Debug\vc110.pdb
C:\Users\Sascha\Documents\Visual Studio 2012\Projects\jan\Debug\Game.pdb
C:\Users\Sascha\Documents\Visual Studio 2012\Projects\jan\Debug\Game.exe
C:\Users\Sascha\Documents\Visual Studio 2012\Projects\jan\Debug\Game.ilk
