Der Buildvorgang wurde am 07.02.2015 21:57:17 gestartet.
     1>Projekt "C:\Users\Jan\Documents\Visual Studio 2012\Projects\gameConsole\Controller\Controller.vcxproj" auf Knoten "2", Build Ziel(e).
     1>ClCompile:
         C:\Program Files (x86)\Microsoft Visual Studio 11.0\VC\bin\CL.exe /c /I"C:\SFML\SFML-2.1\include" /I"C:\Users\Jan\Documents\Visual Studio 2012\Projects\gameConsole\Controller" /I"C:\Users\Jan\Documents\Visual Studio 2012\Projects\gameConsole\View" /I"C:\Users\Jan\Documents\Visual Studio 2012\Projects\gameConsole\gameConsoleLib" /Zi /nologo /W3 /WX- /O2 /Oi /Oy- /GL /D WIN32 /D NDEBUG /D _LIB /D _UNICODE /D UNICODE /Gm- /EHsc /MD /GS /Gy /fp:precise /Zc:wchar_t /Zc:forScope /Fo"Release\\" /Fd"Release\vc110.pdb" /Gd /TP /analyze- /errorReport:prompt Controller.cpp
         Controller.cpp
     1>Controller.cpp(93): warning C4244: 'Argument': Konvertierung von 'const int' in 'float', möglicher Datenverlust
     1>Controller.cpp(102): warning C4244: '=': Konvertierung von 'double' in 'float', möglicher Datenverlust
     1>Controller.cpp(108): warning C4018: '<': Konflikt zwischen 'signed' und 'unsigned'
     1>Controller.cpp(126): warning C4244: 'Argument': Konvertierung von 'float' in 'int', möglicher Datenverlust
     1>Controller.cpp(128): warning C4244: 'Argument': Konvertierung von 'float' in 'int', möglicher Datenverlust
     1>Controller.cpp(136): warning C4018: '<': Konflikt zwischen 'signed' und 'unsigned'
     1>Controller.cpp(147): warning C4018: '<': Konflikt zwischen 'signed' und 'unsigned'
     1>Controller.cpp(158): warning C4018: '<': Konflikt zwischen 'signed' und 'unsigned'
     1>Controller.cpp(169): warning C4018: '<': Konflikt zwischen 'signed' und 'unsigned'
       Lib:
         C:\Program Files (x86)\Microsoft Visual Studio 11.0\VC\bin\Lib.exe /OUT:"C:\Users\Jan\Documents\Visual Studio 2012\Projects\gameConsole\Release\Controller.lib" "sfml-graphics.lib" "sfml-window.lib" "sfml-system.lib" "sfml-audio.lib" "sfml-network.lib" /LIBPATH:"C:\SFML\SFML-2.1\lib" /NOLOGO /LTCG Release\Controller.obj
     1>sfml-window.lib(sfml-window-2.dll) : warning LNK4006: __NULL_IMPORT_DESCRIPTOR ist bereits in "sfml-graphics.lib(sfml-graphics-2.dll)" definiert; zweite Definition wird ignoriert.
     1>sfml-system.lib(sfml-system-2.dll) : warning LNK4006: __NULL_IMPORT_DESCRIPTOR ist bereits in "sfml-graphics.lib(sfml-graphics-2.dll)" definiert; zweite Definition wird ignoriert.
     1>sfml-audio.lib(sfml-audio-2.dll) : warning LNK4006: __NULL_IMPORT_DESCRIPTOR ist bereits in "sfml-graphics.lib(sfml-graphics-2.dll)" definiert; zweite Definition wird ignoriert.
     1>sfml-network.lib(sfml-network-2.dll) : warning LNK4006: __NULL_IMPORT_DESCRIPTOR ist bereits in "sfml-graphics.lib(sfml-graphics-2.dll)" definiert; zweite Definition wird ignoriert.
         Controller.vcxproj -> C:\Users\Jan\Documents\Visual Studio 2012\Projects\gameConsole\Release\Controller.lib
     1>Die Erstellung des Projekts "C:\Users\Jan\Documents\Visual Studio 2012\Projects\gameConsole\Controller\Controller.vcxproj" ist abgeschlossen, Build Ziel(e).

Build erfolgreich.

Verstrichene Zeit 00:00:02.77
